<?xml version="1.0" encoding="UTF-8"?>
<!-- Generated by org.testng.reporters.JUnitReportReporter -->
<testsuite skipped="0" hostname="NZNCGUVCPXQM2UF" name="factoryDemo.Classes" tests="3" failures="0" timestamp="02 十二月 2019 15:10:36 GMT" time="0.006" errors="0">
  <testcase name="test3" time="0.001" classname="factoryDemo.Classes"/>
  <testcase name="test1" time="0.004" classname="factoryDemo.Classes"/>
  <testcase name="test2" time="0.001" classname="factoryDemo.Classes"/>
</testsuite> <!-- factoryDemo.Classes -->
