<?xml version="1.0" encoding="UTF-8"?>
<!-- Generated by org.testng.reporters.JUnitReportReporter -->
<testsuite skipped="0" hostname="NZNCGUVCPXQM2UF" name="factoryDemo.Methods" tests="3" failures="0" timestamp="02 十二月 2019 15:10:36 GMT" time="0.001" errors="0">
  <testcase name="test11" time="0.000" classname="factoryDemo.Methods"/>
  <testcase name="test1" time="0.000" classname="factoryDemo.Methods"/>
  <testcase name="test2" time="0.001" classname="factoryDemo.Methods"/>
</testsuite> <!-- factoryDemo.Methods -->
