<?xml version="1.0" encoding="UTF-8"?>
<!-- Generated by org.testng.reporters.JUnitReportReporter -->
<testsuite skipped="0" hostname="NZNCGUVCPXQM2UF" name="practice.PracticeFactory" tests="10" failures="0" timestamp="01 十二月 2019 10:45:18 GMT" time="0.008" errors="0">
  <testcase name="b555" time="0.001" classname="practice.PracticeFactory"/>
  <testcase name="b555" time="0.001" classname="practice.PracticeFactory"/>
  <testcase name="b555" time="0.001" classname="practice.PracticeFactory"/>
  <testcase name="a555" time="0.001" classname="practice.PracticeFactory"/>
  <testcase name="a555" time="0.001" classname="practice.PracticeFactory"/>
  <testcase name="b555" time="0.001" classname="practice.PracticeFactory"/>
  <testcase name="a555" time="0.000" classname="practice.PracticeFactory"/>
  <testcase name="a555" time="0.001" classname="practice.PracticeFactory"/>
  <testcase name="a555" time="0.001" classname="practice.PracticeFactory"/>
  <testcase name="b555" time="0.000" classname="practice.PracticeFactory"/>
</testsuite> <!-- practice.PracticeFactory -->
