<?xml version="1.0" encoding="UTF-8"?>
<!-- Generated by org.testng.reporters.JUnitReportReporter -->
<testsuite skipped="0" hostname="NZNCGUVCPXQM2UF" name="practice.WebTest" tests="1" failures="0" timestamp="01 十二月 2019 10:44:17 GMT" time="0.007" errors="0">
  <testcase name="testServer" time="0.007" classname="practice.WebTest"/>
</testsuite> <!-- practice.WebTest -->
