<?xml version="1.0" encoding="UTF-8"?>
<!-- Generated by org.testng.reporters.JUnitReportReporter -->
<testsuite skipped="1" hostname="NZNCGUVCPXQM2UF" name="factoryDemo.DataTest" tests="8" failures="0" timestamp="29 十一月 2019 10:56:31 GMT" time="0.006" errors="0">
  <testcase name="c" time="0.001" classname="factoryDemo.DataTest"/>
  <testcase name="c" time="0.001" classname="factoryDemo.DataTest"/>
  <testcase name="a" time="0.001" classname="factoryDemo.DataTest"/>
  <testcase name="a" time="0.001" classname="factoryDemo.DataTest"/>
  <testcase name="cd" time="0.000" classname="factoryDemo.DataTest"/>
  <testcase name="cd" time="0.001" classname="factoryDemo.DataTest"/>
  <testcase name="a" time="0.001" classname="factoryDemo.DataTest"/>
  <testcase name="b" classname="factoryDemo.DataTest">
    <skipped/>
  </testcase> <!-- b -->
</testsuite> <!-- factoryDemo.DataTest -->
