<?xml version="1.0" encoding="UTF-8"?>
<!-- Generated by org.testng.reporters.JUnitReportReporter -->
<testsuite skipped="0" hostname="NZNCGUVCPXQM2UF" name="factoryDemo.FactoryTest" tests="10" failures="0" timestamp="28 十一月 2019 15:29:56 GMT" time="0.005" errors="0">
  <testcase name="a555" time="0.000" classname="factoryDemo.FactoryTest"/>
  <testcase name="a555" time="0.001" classname="factoryDemo.FactoryTest"/>
  <testcase name="a555" time="0.000" classname="factoryDemo.FactoryTest"/>
  <testcase name="b555" time="0.001" classname="factoryDemo.FactoryTest"/>
  <testcase name="b555" time="0.000" classname="factoryDemo.FactoryTest"/>
  <testcase name="b555" time="0.000" classname="factoryDemo.FactoryTest"/>
  <testcase name="b555" time="0.001" classname="factoryDemo.FactoryTest"/>
  <testcase name="b555" time="0.001" classname="factoryDemo.FactoryTest"/>
  <testcase name="a555" time="0.000" classname="factoryDemo.FactoryTest"/>
  <testcase name="a555" time="0.001" classname="factoryDemo.FactoryTest"/>
</testsuite> <!-- factoryDemo.FactoryTest -->
