<?xml version="1.0" encoding="UTF-8"?>
<!-- Generated by org.testng.reporters.JUnitReportReporter -->
<testsuite skipped="0" hostname="NZNCGUVCPXQM2UF" name="practice.First" tests="2" failures="0" timestamp="29 十一月 2019 11:00:56 GMT" time="0.004" errors="0">
  <testcase name="test2" time="0.003" classname="practice.First"/>
  <testcase name="test3" time="0.001" classname="practice.First"/>
</testsuite> <!-- practice.First -->
