<?xml version="1.0" encoding="UTF-8"?>
<!-- Generated by org.testng.reporters.JUnitReportReporter -->
<testsuite skipped="0" hostname="NZNCGUVCPXQM2UF" name="practice.WebTest" tests="1" failures="0" timestamp="28 十一月 2019 15:50:34 GMT" time="0.006" errors="0">
  <testcase name="testServer" time="0.006" classname="practice.WebTest"/>
</testsuite> <!-- practice.WebTest -->
