<?xml version="1.0" encoding="UTF-8"?>
<!-- Generated by org.testng.reporters.JUnitReportReporter -->
<testsuite skipped="0" hostname="NZNCGUVCPXQM2UF" name="factoryDemo.NewTest" tests="3" failures="0" timestamp="02 十二月 2019 14:46:13 GMT" time="0.007" errors="0">
  <testcase name="test1" time="0.005" classname="factoryDemo.NewTest"/>
  <testcase name="test11" time="0.001" classname="factoryDemo.NewTest"/>
  <testcase name="test2" time="0.001" classname="factoryDemo.NewTest"/>
</testsuite> <!-- factoryDemo.NewTest -->
